<?xml version="1.0" encoding="UTF-8" ?>
<testsuites name="vitest tests" tests="16" failures="0" errors="0" time="1.579">
    <testsuite name="tests/components/Icon.test.ts" timestamp="2026-04-06T10:28:56.200Z" hostname="gap-omarchy" tests="16" failures="0" errors="0" skipped="0" time="0.069">
        <testcase classname="tests/components/Icon.test.ts" name="Icon - icon prop &gt; forwards the icon name to font-awesome-icon" time="0.039">
        </testcase>
        <testcase classname="tests/components/Icon.test.ts" name="Icon - icon prop &gt; forwards hyphenated icon names correctly" time="0.004">
        </testcase>
        <testcase classname="tests/components/Icon.test.ts" name="Icon - size prop &gt; applies no extra class when size is md (default)" time="0.004">
        </testcase>
        <testcase classname="tests/components/Icon.test.ts" name="Icon - size prop &gt; defaults to md when no size is provided" time="0.001">
        </testcase>
        <testcase classname="tests/components/Icon.test.ts" name="Icon - size prop &gt; applies icon-xs class when size=&quot;xs&quot;" time="0.002">
        </testcase>
        <testcase classname="tests/components/Icon.test.ts" name="Icon - size prop &gt; applies icon-sm class when size=&quot;sm&quot;" time="0.002">
        </testcase>
        <testcase classname="tests/components/Icon.test.ts" name="Icon - size prop &gt; applies icon-lg class when size=&quot;lg&quot;" time="0.001">
        </testcase>
        <testcase classname="tests/components/Icon.test.ts" name="Icon - size prop &gt; applies icon-xl class when size=&quot;xl&quot;" time="0.001">
        </testcase>
        <testcase classname="tests/components/Icon.test.ts" name="Icon - size prop &gt; applies icon-2x class when size=&quot;2x&quot;" time="0.002">
        </testcase>
        <testcase classname="tests/components/Icon.test.ts" name="Icon - size prop &gt; applies icon-3x class when size=&quot;3x&quot;" time="0.002">
        </testcase>
        <testcase classname="tests/components/Icon.test.ts" name="Icon - color prop &gt; applies no inline style when color is not provided" time="0.002">
        </testcase>
        <testcase classname="tests/components/Icon.test.ts" name="Icon - color prop &gt; applies an inline color style when a hex color is provided" time="0.003">
        </testcase>
        <testcase classname="tests/components/Icon.test.ts" name="Icon - color prop &gt; applies an inline color style when a CSS variable is provided" time="0.001">
        </testcase>
        <testcase classname="tests/components/Icon.test.ts" name="Icon - color prop &gt; applies an inline color style when an rgb value is provided" time="0.001">
        </testcase>
        <testcase classname="tests/components/Icon.test.ts" name="Icon - combined props &gt; applies both a size class and a color style together" time="0.001">
        </testcase>
        <testcase classname="tests/components/Icon.test.ts" name="Icon - combined props &gt; renders with only an icon name and no extra attributes" time="0.001">
        </testcase>
    </testsuite>
</testsuites>
